<?xml version="1.0" encoding="UTF-8"?>
<!-- Generated by org.testng.reporters.JUnitReportReporter -->
<testsuite skipped="0" hostname="DESKTOP-7MJL7VJ" name="com.qa.lms.tests.CoursePageTests" tests="2" failures="0" timestamp="15 Apr 2020 10:42:58 GMT" time="416.927" errors="0">
  <testcase name="create_AICC_Course_and_take_as_a_learner" time="406.135" classname="com.qa.lms.tests.CoursePageTests"/>
  <testcase name="f" time="10.792" classname="com.qa.lms.tests.CoursePageTests"/>
</testsuite> <!-- com.qa.lms.tests.CoursePageTests -->
